<?xml version="1.0" encoding="UTF-8"?>
<testsuite xmlns:xsi="http://www.w3.org/2001/XMLSchema-instance" xsi:noNamespaceSchemaLocation="https://maven.apache.org/surefire/maven-surefire-plugin/xsd/surefire-test-report-3.0.xsd" version="3.0" name="conduitApp.ConduitTest" time="3.489" tests="1" errors="0" skipped="0" failures="0">
  <properties>
[...]
</properties>
  <testcase name="[1:9] New user Sign Up" classname="conduitApp/feature/SignUp" time="2.407">
    <system-out><![CDATA[15:36:41.005 [main] INFO  com.intuit.karate.Runner - using system property 'karate.options': --tags @debug
15:36:41.052 [main] INFO  com.intuit.karate.Runner - using system property 'karate.env': dev
15:36:41.215 [main] DEBUG com.intuit.karate.Suite - [config] classpath:karate-config.js
15:36:41.731 [main] INFO  com.intuit.karate - karate.env system property was: dev 
15:36:41.734 [main] INFO  com.intuit.karate - >> lock acquired, begin callSingle: classpath:helpers/CreateToken.feature
15:36:41.894 [main] DEBUG com.intuit.karate - request:
1 > POST https://conduit.productionready.io/api/users/login
1 > Content-Type: application/json; charset=UTF-8
1 > Content-Length: 67
1 > Host: conduit.productionready.io
1 > Connection: Keep-Alive
1 > User-Agent: Apache-HttpClient/4.5.14 (Java/11.0.22)
1 > Accept-Encoding: gzip,deflate
{"user":{"email":"karatetest2024@test.com","password":"Karate123"}}

15:36:42.417 [main] DEBUG com.intuit.karate - request:
2 > POST https://conduit.productionready.io/api/users/login
2 > Content-Type: application/json; charset=UTF-8
2 > Content-Length: 67
2 > Host: api.realworld.io
2 > Connection: Keep-Alive
2 > User-Agent: Apache-HttpClient/4.5.14 (Java/11.0.22)
2 > Accept-Encoding: gzip,deflate
{"user":{"email":"karatetest2024@test.com","password":"Karate123"}}

15:36:42.859 [main] DEBUG com.intuit.karate - response time in milliseconds: 435
2 < 200
2 < Date: Fri, 19 Jan 2024 14:36:42 GMT
2 < Content-Type: application/json; charset=utf-8
2 < Transfer-Encoding: chunked
2 < Connection: keep-alive
2 < Report-To: {"group":"heroku-nel","max_age":3600,"endpoints":[{"url":"https://nel.heroku.com/reports?ts=1705675002&sid=c46efe9b-d3d2-4a0c-8c76-bfafa16c5add&s=S1p%2B83RofvHIgPucI%2Fyzozo3W3Kc73FELY7A2bmaP6o%3D"}]}
2 < Reporting-Endpoints: heroku-nel=https://nel.heroku.com/reports?ts=1705675002&sid=c46efe9b-d3d2-4a0c-8c76-bfafa16c5add&s=S1p%2B83RofvHIgPucI%2Fyzozo3W3Kc73FELY7A2bmaP6o%3D
2 < Nel: {"report_to":"heroku-nel","max_age":3600,"success_fraction":0.005,"failure_fraction":0.05,"response_headers":["Via"]}
2 < X-Powered-By: Express
2 < Access-Control-Allow-Origin: *
2 < Etag: W/"133-Qb8YqRo+pC+FMwDiJlP7TaZQuI4"
2 < Via: 1.1 vegur
2 < CF-Cache-Status: DYNAMIC
2 < Server: cloudflare
2 < CF-RAY: 847fcfbefa384210-EWR
2 < alt-svc: h3=":443"; ma=86400
{"user":{"email":"karatetest2024@test.com","username":"KarateTest2024","bio":null,"image":"https://api.realworld.io/images/smiley-cyrus.jpeg","token":"eyJhbGciOiJIUzI1NiIsInR5cCI6IkpXVCJ9.eyJ1c2VyIjp7ImlkIjo0NzE1fSwiaWF0IjoxNzA1Njc1MDAyLCJleHAiOjE3MTA4NTkwMDJ9.y6HD6vUHgtQwfgwZydRSAiIEuzjnUUFcaf7jMOCTmiw"}}

15:36:42.869 [main] INFO  com.intuit.karate - << lock released, cached callSingle: classpath:helpers/CreateToken.feature
15:36:42.987 [main] DEBUG com.intuit.karate - request:
1 > POST https://conduit.productionready.io/api/users
1 > Authorization: Token eyJhbGciOiJIUzI1NiIsInR5cCI6IkpXVCJ9.eyJ1c2VyIjp7ImlkIjo0NzE1fSwiaWF0IjoxNzA1Njc1MDAyLCJleHAiOjE3MTA4NTkwMDJ9.y6HD6vUHgtQwfgwZydRSAiIEuzjnUUFcaf7jMOCTmiw
1 > Content-Type: application/json; charset=UTF-8
1 > Content-Length: 90
1 > Host: conduit.productionready.io
1 > Connection: Keep-Alive
1 > User-Agent: Apache-HttpClient/4.5.14 (Java/11.0.22)
1 > Accept-Encoding: gzip,deflate
{"user":{"email":"willy22@test.com","password":"Karate123","username":"alfonso.gorczany"}}

15:36:43.283 [main] DEBUG com.intuit.karate - request:
2 > POST https://conduit.productionready.io/api/users
2 > Authorization: Token eyJhbGciOiJIUzI1NiIsInR5cCI6IkpXVCJ9.eyJ1c2VyIjp7ImlkIjo0NzE1fSwiaWF0IjoxNzA1Njc1MDAyLCJleHAiOjE3MTA4NTkwMDJ9.y6HD6vUHgtQwfgwZydRSAiIEuzjnUUFcaf7jMOCTmiw
2 > Content-Type: application/json; charset=UTF-8
2 > Content-Length: 90
2 > Host: api.realworld.io
2 > Connection: Keep-Alive
2 > User-Agent: Apache-HttpClient/4.5.14 (Java/11.0.22)
2 > Accept-Encoding: gzip,deflate
{"user":{"email":"willy22@test.com","password":"Karate123","username":"alfonso.gorczany"}}

15:36:43.662 [main] DEBUG com.intuit.karate - response time in milliseconds: 378
2 < 201
2 < Date: Fri, 19 Jan 2024 14:36:43 GMT
2 < Content-Type: application/json; charset=utf-8
2 < Content-Length: 312
2 < Connection: keep-alive
2 < Report-To: {"group":"heroku-nel","max_age":3600,"endpoints":[{"url":"https://nel.heroku.com/reports?ts=1705675003&sid=c46efe9b-d3d2-4a0c-8c76-bfafa16c5add&s=MXgnj9PoII5a8Zk7ORUPleeg3tckSVCF4jdZUqBS0Sw%3D"}]}
2 < Reporting-Endpoints: heroku-nel=https://nel.heroku.com/reports?ts=1705675003&sid=c46efe9b-d3d2-4a0c-8c76-bfafa16c5add&s=MXgnj9PoII5a8Zk7ORUPleeg3tckSVCF4jdZUqBS0Sw%3D
2 < Nel: {"report_to":"heroku-nel","max_age":3600,"success_fraction":0.005,"failure_fraction":0.05,"response_headers":["Via"]}
2 < X-Powered-By: Express
2 < Access-Control-Allow-Origin: *
2 < Etag: W/"138-8RO4Pjny65DeNFWJgH5ZkvhxUik"
2 < Via: 1.1 vegur
2 < CF-Cache-Status: DYNAMIC
2 < Server: cloudflare
2 < CF-RAY: 847fcfc2f89b2fbb-MAD
2 < alt-svc: h3=":443"; ma=86400
{"user":{"id":4827,"email":"willy22@test.com","username":"alfonso.gorczany","bio":null,"image":"https://api.realworld.io/images/smiley-cyrus.jpeg","token":"eyJhbGciOiJIUzI1NiIsInR5cCI6IkpXVCJ9.eyJ1c2VyIjp7ImlkIjo0ODI3fSwiaWF0IjoxNzA1Njc1MDAzLCJleHAiOjE3MTA4NTkwMDN9.koHkB92-DhSVdBBJjmjYzKsUB9mX3n-rTkRlOVLCSUE"}}

---------------------------------------------------------
feature: classpath:conduitApp/feature/SignUp.feature
scenarios:  1 | passed:  1 | failed:  0 | time: 0.8039
---------------------------------------------------------

]]></system-out>
  </testcase>
</testsuite>